2014-12-17 14:28:16 5356 [Note] Plugin 'FEDERATED' is disabled.
2014-12-17 14:28:16 5356 [Note] InnoDB: The InnoDB memory heap is disabled
2014-12-17 14:28:16 5356 [Note] InnoDB: Mutexes and rw_locks use Windows interlocked functions
2014-12-17 14:28:16 5356 [Note] InnoDB: Compressed tables use zlib 1.2.3
2014-12-17 14:28:16 5356 [Note] InnoDB: Not using CPU crc32 instructions
2014-12-17 14:28:16 5356 [Note] InnoDB: Initializing buffer pool, size = 128.0M
2014-12-17 14:28:16 5356 [Note] InnoDB: Completed initialization of buffer pool
2014-12-17 14:28:16 5356 [Note] InnoDB: Setting log file C:\Users\Ernst\Downloads\Programmeren 4\USBWebserver v8.6 (1)\mysql\data\ib_logfile101 size to 5 MB
2014-12-17 14:28:16 5356 [Note] InnoDB: Setting log file C:\Users\Ernst\Downloads\Programmeren 4\USBWebserver v8.6 (1)\mysql\data\ib_logfile1 size to 5 MB
2014-12-17 14:28:16 5356 [Note] InnoDB: Renaming log file C:\Users\Ernst\Downloads\Programmeren 4\USBWebserver v8.6 (1)\mysql\data\ib_logfile101 to C:\Users\Ernst\Downloads\Programmeren 4\USBWebserver v8.6 (1)\mysql\data\ib_logfile0
2014-12-17 14:28:16 5356 [Warning] InnoDB: New log files created, LSN=1626134
2014-12-17 14:28:16 5356 [Note] InnoDB: Highest supported file format is Barracuda.
2014-12-17 14:28:17 5356 [Note] InnoDB: 128 rollback segment(s) are active.
2014-12-17 14:28:17 5356 [Note] InnoDB: Waiting for purge to start
2014-12-17 14:28:17 5356 [Note] InnoDB: 5.6.13 started; log sequence number 1626636
2014-12-17 14:28:17 5356 [Warning] No existing UUID has been found, so we assume that this is the first time that this server has been started. Generating a new UUID: 8f694fdb-85f0-11e4-b196-00116b672278.
2014-12-17 14:28:17 5356 [Note] Server hostname (bind-address): '*'; port: 3307
2014-12-17 14:28:17 5356 [Note] IPv6 is available.
2014-12-17 14:28:17 5356 [Note]   - '::' resolves to '::';
2014-12-17 14:28:17 5356 [Note] Server socket created on IP: '::'.
2014-12-17 14:28:26 2692 [Note] Plugin 'FEDERATED' is disabled.
2014-12-17 14:28:26 2692 [Note] InnoDB: The InnoDB memory heap is disabled
2014-12-17 14:28:26 2692 [Note] InnoDB: Mutexes and rw_locks use Windows interlocked functions
2014-12-17 14:28:26 2692 [Note] InnoDB: Compressed tables use zlib 1.2.3
2014-12-17 14:28:26 2692 [Note] InnoDB: Not using CPU crc32 instructions
2014-12-17 14:28:26 2692 [Note] InnoDB: Initializing buffer pool, size = 128.0M
2014-12-17 14:28:26 2692 [Note] InnoDB: Completed initialization of buffer pool
2014-12-17 14:28:26 2692 [Note] InnoDB: Highest supported file format is Barracuda.
2014-12-17 14:28:26 2692 [Note] InnoDB: The log sequence numbers 1626134 and 1626134 in ibdata files do not match the log sequence number 1626646 in the ib_logfiles!
2014-12-17 14:28:26 2692 [Note] InnoDB: Database was not shutdown normally!
2014-12-17 14:28:26 2692 [Note] InnoDB: Starting crash recovery.
2014-12-17 14:28:26 2692 [Note] InnoDB: Reading tablespace information from the .ibd files...
2014-12-17 14:28:26 2692 [Note] InnoDB: Restoring possible half-written data pages 
2014-12-17 14:28:26 2692 [Note] InnoDB: from the doublewrite buffer...
2014-12-17 14:28:26 2692 [Note] InnoDB: 128 rollback segment(s) are active.
2014-12-17 14:28:26 2692 [Note] InnoDB: Waiting for purge to start
2014-12-17 14:28:26 2692 [Note] InnoDB: 5.6.13 started; log sequence number 1626646
2014-12-17 14:28:26 2692 [Note] Server hostname (bind-address): '*'; port: 3307
2014-12-17 14:28:26 2692 [Note] IPv6 is available.
2014-12-17 14:28:26 2692 [Note]   - '::' resolves to '::';
2014-12-17 14:28:26 2692 [Note] Server socket created on IP: '::'.
2014-12-18 13:23:07 1840 [Note] Plugin 'FEDERATED' is disabled.
2014-12-18 13:23:07 1840 [Note] InnoDB: The InnoDB memory heap is disabled
2014-12-18 13:23:07 1840 [Note] InnoDB: Mutexes and rw_locks use Windows interlocked functions
2014-12-18 13:23:07 1840 [Note] InnoDB: Compressed tables use zlib 1.2.3
2014-12-18 13:23:07 1840 [Note] InnoDB: Not using CPU crc32 instructions
2014-12-18 13:23:07 1840 [Note] InnoDB: Initializing buffer pool, size = 128.0M
2014-12-18 13:23:07 1840 [Note] InnoDB: Completed initialization of buffer pool
2014-12-18 13:23:07 1840 [Note] InnoDB: Highest supported file format is Barracuda.
2014-12-18 13:23:07 1840 [Note] InnoDB: The log sequence numbers 1626134 and 1626134 in ibdata files do not match the log sequence number 1654064 in the ib_logfiles!
2014-12-18 13:23:07 1840 [Note] InnoDB: Database was not shutdown normally!
2014-12-18 13:23:07 1840 [Note] InnoDB: Starting crash recovery.
2014-12-18 13:23:07 1840 [Note] InnoDB: Reading tablespace information from the .ibd files...
2014-12-18 13:23:07 1840 [Note] InnoDB: Restoring possible half-written data pages 
2014-12-18 13:23:07 1840 [Note] InnoDB: from the doublewrite buffer...
2014-12-18 13:23:07 1840 [Note] InnoDB: 128 rollback segment(s) are active.
2014-12-18 13:23:07 1840 [Note] InnoDB: Waiting for purge to start
2014-12-18 13:23:07 1840 [Note] InnoDB: 5.6.13 started; log sequence number 1654064
2014-12-18 13:23:07 1840 [Note] Server hostname (bind-address): '*'; port: 3307
2014-12-18 13:23:07 1840 [Note] IPv6 is available.
2014-12-18 13:23:07 1840 [Note]   - '::' resolves to '::';
2014-12-18 13:23:07 1840 [Note] Server socket created on IP: '::'.
2014-12-18 14:14:12 7196 [Note] Plugin 'FEDERATED' is disabled.
2014-12-18 14:14:12 7196 [Note] InnoDB: The InnoDB memory heap is disabled
2014-12-18 14:14:12 7196 [Note] InnoDB: Mutexes and rw_locks use Windows interlocked functions
2014-12-18 14:14:12 7196 [Note] InnoDB: Compressed tables use zlib 1.2.3
2014-12-18 14:14:12 7196 [Note] InnoDB: Not using CPU crc32 instructions
2014-12-18 14:14:12 7196 [Note] InnoDB: Initializing buffer pool, size = 128.0M
2014-12-18 14:14:12 7196 [Note] InnoDB: Completed initialization of buffer pool
2014-12-18 14:14:12 7196 [ERROR] InnoDB: C:\Users\Ernst\Downloads\Programmeren 4\USBWebserver v8.6 (1)\mysql\data\ibdata1 can't be opened in read-write mode
2014-12-18 14:14:12 7196 [ERROR] InnoDB: The system tablespace must be writable!
2014-12-18 14:14:12 7196 [ERROR] Plugin 'InnoDB' init function returned error.
2014-12-18 14:14:12 7196 [ERROR] Plugin 'InnoDB' registration as a STORAGE ENGINE failed.
2014-12-18 14:14:12 7196 [ERROR] Unknown/unsupported storage engine: InnoDB
2014-12-18 14:14:12 7196 [ERROR] Aborting

2014-12-18 14:14:12 7196 [Note] Binlog end
2014-12-18 14:14:12 7196 [Note] Shutting down plugin 'partition'
2014-12-18 14:14:12 7196 [Note] Shutting down plugin 'PERFORMANCE_SCHEMA'
2014-12-18 14:14:12 7196 [Note] Shutting down plugin 'INNODB_SYS_DATAFILES'
2014-12-18 14:14:12 7196 [Note] Shutting down plugin 'INNODB_SYS_TABLESPACES'
2014-12-18 14:14:12 7196 [Note] Shutting down plugin 'INNODB_SYS_FOREIGN_COLS'
2014-12-18 14:14:12 7196 [Note] Shutting down plugin 'INNODB_SYS_FOREIGN'
2014-12-18 14:14:12 7196 [Note] Shutting down plugin 'INNODB_SYS_FIELDS'
2014-12-18 14:14:12 7196 [Note] Shutting down plugin 'INNODB_SYS_COLUMNS'
2014-12-18 14:14:12 7196 [Note] Shutting down plugin 'INNODB_SYS_INDEXES'
2014-12-18 14:14:12 7196 [Note] Shutting down plugin 'INNODB_SYS_TABLESTATS'
2014-12-18 14:14:12 7196 [Note] Shutting down plugin 'INNODB_SYS_TABLES'
2014-12-18 14:14:12 7196 [Note] Shutting down plugin 'INNODB_FT_INDEX_TABLE'
2014-12-18 14:14:12 7196 [Note] Shutting down plugin 'INNODB_FT_INDEX_CACHE'
2014-12-18 14:14:12 7196 [Note] Shutting down plugin 'INNODB_FT_CONFIG'
2014-12-18 14:14:12 7196 [Note] Shutting down plugin 'INNODB_FT_BEING_DELETED'
2014-12-18 14:14:12 7196 [Note] Shutting down plugin 'INNODB_FT_DELETED'
2014-12-18 14:14:12 7196 [Note] Shutting down plugin 'INNODB_FT_DEFAULT_STOPWORD'
2014-12-18 14:14:12 7196 [Note] Shutting down plugin 'INNODB_METRICS'
2014-12-18 14:14:12 7196 [Note] Shutting down plugin 'INNODB_BUFFER_POOL_STATS'
2014-12-18 14:14:12 7196 [Note] Shutting down plugin 'INNODB_BUFFER_PAGE_LRU'
2014-12-18 14:14:12 7196 [Note] Shutting down plugin 'INNODB_BUFFER_PAGE'
2014-12-18 14:14:12 7196 [Note] Shutting down plugin 'INNODB_CMP_PER_INDEX_RESET'
2014-12-18 14:14:12 7196 [Note] Shutting down plugin 'INNODB_CMP_PER_INDEX'
2014-12-18 14:14:12 7196 [Note] Shutting down plugin 'INNODB_CMPMEM_RESET'
2014-12-18 14:14:12 7196 [Note] Shutting down plugin 'INNODB_CMPMEM'
2014-12-18 14:14:12 7196 [Note] Shutting down plugin 'INNODB_CMP_RESET'
2014-12-18 14:14:12 7196 [Note] Shutting down plugin 'INNODB_CMP'
2014-12-18 14:14:12 7196 [Note] Shutting down plugin 'INNODB_LOCK_WAITS'
2014-12-18 14:14:12 7196 [Note] Shutting down plugin 'INNODB_LOCKS'
2014-12-18 14:14:12 7196 [Note] Shutting down plugin 'INNODB_TRX'
2014-12-18 14:14:12 7196 [Note] Shutting down plugin 'BLACKHOLE'
2014-12-18 14:14:12 7196 [Note] Shutting down plugin 'ARCHIVE'
2014-12-18 14:14:12 7196 [Note] Shutting down plugin 'MRG_MYISAM'
2014-12-18 14:14:12 7196 [Note] Shutting down plugin 'MyISAM'
2014-12-18 14:14:12 7196 [Note] Shutting down plugin 'MEMORY'
2014-12-18 14:14:12 7196 [Note] Shutting down plugin 'CSV'
2014-12-18 14:14:12 7196 [Note] Shutting down plugin 'sha256_password'
2014-12-18 14:14:12 7196 [Note] Shutting down plugin 'mysql_old_password'
2014-12-18 14:14:12 7196 [Note] Shutting down plugin 'mysql_native_password'
2014-12-18 14:14:12 7196 [Note] Shutting down plugin 'binlog'
2014-12-18 14:14:12 7196 [Note] C:\Users\Ernst\Downloads\Programmeren 4\USBWebserver v8.6 (1)/mysql/bin/mysqld_usbwv8.exe: Shutdown complete

2015-01-05 13:29:18 6708 [Note] Plugin 'FEDERATED' is disabled.
2015-01-05 13:29:18 6708 [Note] InnoDB: The InnoDB memory heap is disabled
2015-01-05 13:29:18 6708 [Note] InnoDB: Mutexes and rw_locks use Windows interlocked functions
2015-01-05 13:29:18 6708 [Note] InnoDB: Compressed tables use zlib 1.2.3
2015-01-05 13:29:18 6708 [Note] InnoDB: Not using CPU crc32 instructions
2015-01-05 13:29:18 6708 [Note] InnoDB: Initializing buffer pool, size = 128.0M
2015-01-05 13:29:18 6708 [Note] InnoDB: Completed initialization of buffer pool
2015-01-05 13:29:18 6708 [Note] InnoDB: Highest supported file format is Barracuda.
2015-01-05 13:29:18 6708 [Note] InnoDB: The log sequence numbers 1626134 and 1626134 in ibdata files do not match the log sequence number 1935706 in the ib_logfiles!
2015-01-05 13:29:18 6708 [Note] InnoDB: Database was not shutdown normally!
2015-01-05 13:29:18 6708 [Note] InnoDB: Starting crash recovery.
2015-01-05 13:29:18 6708 [Note] InnoDB: Reading tablespace information from the .ibd files...
2015-01-05 13:29:18 6708 [Note] InnoDB: Restoring possible half-written data pages 
2015-01-05 13:29:18 6708 [Note] InnoDB: from the doublewrite buffer...
2015-01-05 13:29:18 6708 [Note] InnoDB: 128 rollback segment(s) are active.
2015-01-05 13:29:18 6708 [Note] InnoDB: Waiting for purge to start
2015-01-05 13:29:18 6708 [Note] InnoDB: 5.6.13 started; log sequence number 1935706
2015-01-05 13:29:18 6708 [Note] Server hostname (bind-address): '*'; port: 3307
2015-01-05 13:29:18 6708 [Note] IPv6 is available.
2015-01-05 13:29:18 6708 [Note]   - '::' resolves to '::';
2015-01-05 13:29:18 6708 [Note] Server socket created on IP: '::'.
2015-01-05 13:29:18 6708 [Note] Event Scheduler: Loaded 0 events
2015-01-05 13:29:18 6708 [Note] C:\Users\Ernst\Downloads\Programmeren 4\USBWebserver v8.6 (1)/mysql/bin/mysqld_usbwv8.exe: ready for connections.
Version: '5.6.13'  socket: ''  port: 3307  MySQL Community Server (GPL)
2015-01-06 14:33:14 6496 [Note] Plugin 'FEDERATED' is disabled.
2015-01-06 14:33:14 6496 [Note] InnoDB: The InnoDB memory heap is disabled
2015-01-06 14:33:14 6496 [Note] InnoDB: Mutexes and rw_locks use Windows interlocked functions
2015-01-06 14:33:14 6496 [Note] InnoDB: Compressed tables use zlib 1.2.3
2015-01-06 14:33:14 6496 [Note] InnoDB: Not using CPU crc32 instructions
2015-01-06 14:33:14 6496 [Note] InnoDB: Initializing buffer pool, size = 128.0M
2015-01-06 14:33:14 6496 [Note] InnoDB: Completed initialization of buffer pool
2015-01-06 14:33:14 6496 [Note] InnoDB: Highest supported file format is Barracuda.
2015-01-06 14:33:14 6496 [Note] InnoDB: The log sequence numbers 1626134 and 1626134 in ibdata files do not match the log sequence number 2015651 in the ib_logfiles!
2015-01-06 14:33:14 6496 [Note] InnoDB: Database was not shutdown normally!
2015-01-06 14:33:14 6496 [Note] InnoDB: Starting crash recovery.
2015-01-06 14:33:14 6496 [Note] InnoDB: Reading tablespace information from the .ibd files...
2015-01-06 14:33:14 6496 [Note] InnoDB: Restoring possible half-written data pages 
2015-01-06 14:33:14 6496 [Note] InnoDB: from the doublewrite buffer...
2015-01-06 14:33:14 6496 [Note] InnoDB: 128 rollback segment(s) are active.
2015-01-06 14:33:14 6496 [Note] InnoDB: Waiting for purge to start
2015-01-06 14:33:14 6496 [Note] InnoDB: 5.6.13 started; log sequence number 2015651
2015-01-06 14:33:14 6496 [Note] Server hostname (bind-address): '*'; port: 3307
2015-01-06 14:33:14 6496 [Note] IPv6 is available.
2015-01-06 14:33:14 6496 [Note]   - '::' resolves to '::';
2015-01-06 14:33:14 6496 [Note] Server socket created on IP: '::'.
2015-01-06 15:43:40 7124 [Note] Plugin 'FEDERATED' is disabled.
2015-01-06 15:43:40 7124 [Note] InnoDB: The InnoDB memory heap is disabled
2015-01-06 15:43:40 7124 [Note] InnoDB: Mutexes and rw_locks use Windows interlocked functions
2015-01-06 15:43:40 7124 [Note] InnoDB: Compressed tables use zlib 1.2.3
2015-01-06 15:43:40 7124 [Note] InnoDB: Not using CPU crc32 instructions
2015-01-06 15:43:40 7124 [Note] InnoDB: Initializing buffer pool, size = 128.0M
2015-01-06 15:43:40 7124 [Note] InnoDB: Completed initialization of buffer pool
2015-01-06 15:43:40 7124 [Note] InnoDB: Highest supported file format is Barracuda.
2015-01-06 15:43:40 7124 [Note] InnoDB: The log sequence numbers 1626134 and 1626134 in ibdata files do not match the log sequence number 2015661 in the ib_logfiles!
2015-01-06 15:43:40 7124 [Note] InnoDB: Database was not shutdown normally!
2015-01-06 15:43:40 7124 [Note] InnoDB: Starting crash recovery.
2015-01-06 15:43:40 7124 [Note] InnoDB: Reading tablespace information from the .ibd files...
2015-01-06 15:43:40 7124 [Note] InnoDB: Restoring possible half-written data pages 
2015-01-06 15:43:40 7124 [Note] InnoDB: from the doublewrite buffer...
2015-01-06 15:43:40 7124 [Note] InnoDB: 128 rollback segment(s) are active.
2015-01-06 15:43:40 7124 [Note] InnoDB: Waiting for purge to start
2015-01-06 15:43:40 7124 [Note] InnoDB: 5.6.13 started; log sequence number 2015661
2015-01-06 15:43:40 7124 [Note] Server hostname (bind-address): '*'; port: 3307
2015-01-06 15:43:40 7124 [Note] IPv6 is available.
2015-01-06 15:43:40 7124 [Note]   - '::' resolves to '::';
2015-01-06 15:43:40 7124 [Note] Server socket created on IP: '::'.
2015-01-07 13:21:56 4420 [Note] Plugin 'FEDERATED' is disabled.
2015-01-07 13:21:56 4420 [Note] InnoDB: The InnoDB memory heap is disabled
2015-01-07 13:21:56 4420 [Note] InnoDB: Mutexes and rw_locks use Windows interlocked functions
2015-01-07 13:21:56 4420 [Note] InnoDB: Compressed tables use zlib 1.2.3
2015-01-07 13:21:56 4420 [Note] InnoDB: Not using CPU crc32 instructions
2015-01-07 13:21:56 4420 [Note] InnoDB: Initializing buffer pool, size = 128.0M
2015-01-07 13:21:56 4420 [Note] InnoDB: Completed initialization of buffer pool
2015-01-07 13:21:56 4420 [Note] InnoDB: Highest supported file format is Barracuda.
2015-01-07 13:21:56 4420 [Note] InnoDB: The log sequence numbers 1626134 and 1626134 in ibdata files do not match the log sequence number 2032569 in the ib_logfiles!
2015-01-07 13:21:56 4420 [Note] InnoDB: Database was not shutdown normally!
2015-01-07 13:21:56 4420 [Note] InnoDB: Starting crash recovery.
2015-01-07 13:21:56 4420 [Note] InnoDB: Reading tablespace information from the .ibd files...
2015-01-07 13:21:56 4420 [Note] InnoDB: Restoring possible half-written data pages 
2015-01-07 13:21:56 4420 [Note] InnoDB: from the doublewrite buffer...
2015-01-07 13:21:56 4420 [Note] InnoDB: 128 rollback segment(s) are active.
2015-01-07 13:21:56 4420 [Note] InnoDB: Waiting for purge to start
2015-01-07 13:21:57 4420 [Note] InnoDB: 5.6.13 started; log sequence number 2032569
2015-01-07 13:21:57 4420 [Note] Server hostname (bind-address): '*'; port: 3307
2015-01-07 13:21:57 4420 [Note] IPv6 is available.
2015-01-07 13:21:57 4420 [Note]   - '::' resolves to '::';
2015-01-07 13:21:57 4420 [Note] Server socket created on IP: '::'.
2015-01-07 13:21:57 4420 [Note] Event Scheduler: Loaded 0 events
2015-01-07 13:21:57 4420 [Note] C:\Users\Ernst\Downloads\Programmeren 4\USBWebserver v8.6 (1)/mysql/bin/mysqld_usbwv8.exe: ready for connections.
Version: '5.6.13'  socket: ''  port: 3307  MySQL Community Server (GPL)
2015-01-14 13:26:58 8076 [Note] Plugin 'FEDERATED' is disabled.
2015-01-14 13:26:58 8076 [Note] InnoDB: The InnoDB memory heap is disabled
2015-01-14 13:26:58 8076 [Note] InnoDB: Mutexes and rw_locks use Windows interlocked functions
2015-01-14 13:26:58 8076 [Note] InnoDB: Compressed tables use zlib 1.2.3
2015-01-14 13:26:58 8076 [Note] InnoDB: Not using CPU crc32 instructions
2015-01-14 13:26:58 8076 [Note] InnoDB: Initializing buffer pool, size = 128.0M
2015-01-14 13:26:58 8076 [Note] InnoDB: Completed initialization of buffer pool
2015-01-14 13:26:58 8076 [Note] InnoDB: Highest supported file format is Barracuda.
2015-01-14 13:26:58 8076 [Note] InnoDB: The log sequence numbers 1626134 and 1626134 in ibdata files do not match the log sequence number 2048760 in the ib_logfiles!
2015-01-14 13:26:58 8076 [Note] InnoDB: Database was not shutdown normally!
2015-01-14 13:26:58 8076 [Note] InnoDB: Starting crash recovery.
2015-01-14 13:26:58 8076 [Note] InnoDB: Reading tablespace information from the .ibd files...
2015-01-14 13:26:58 8076 [Note] InnoDB: Restoring possible half-written data pages 
2015-01-14 13:26:58 8076 [Note] InnoDB: from the doublewrite buffer...
2015-01-14 13:27:01 8076 [Note] InnoDB: 128 rollback segment(s) are active.
2015-01-14 13:27:01 8076 [Note] InnoDB: Waiting for purge to start
2015-01-14 13:27:01 8076 [Note] InnoDB: 5.6.13 started; log sequence number 2048760
2015-01-14 13:27:01 8076 [Note] Server hostname (bind-address): '*'; port: 3307
2015-01-14 13:27:01 8076 [Note] IPv6 is available.
2015-01-14 13:27:01 8076 [Note]   - '::' resolves to '::';
2015-01-14 13:27:01 8076 [Note] Server socket created on IP: '::'.
2015-01-14 15:54:41 8456 [Note] Plugin 'FEDERATED' is disabled.
2015-01-14 15:54:41 8456 [Note] InnoDB: The InnoDB memory heap is disabled
2015-01-14 15:54:41 8456 [Note] InnoDB: Mutexes and rw_locks use Windows interlocked functions
2015-01-14 15:54:41 8456 [Note] InnoDB: Compressed tables use zlib 1.2.3
2015-01-14 15:54:41 8456 [Note] InnoDB: Not using CPU crc32 instructions
2015-01-14 15:54:41 8456 [Note] InnoDB: Initializing buffer pool, size = 128.0M
2015-01-14 15:54:41 8456 [Note] InnoDB: Completed initialization of buffer pool
2015-01-14 15:54:41 8456 [Note] InnoDB: Highest supported file format is Barracuda.
2015-01-14 15:54:41 8456 [Note] InnoDB: The log sequence numbers 1626134 and 1626134 in ibdata files do not match the log sequence number 2079292 in the ib_logfiles!
2015-01-14 15:54:41 8456 [Note] InnoDB: Database was not shutdown normally!
2015-01-14 15:54:41 8456 [Note] InnoDB: Starting crash recovery.
2015-01-14 15:54:41 8456 [Note] InnoDB: Reading tablespace information from the .ibd files...
2015-01-14 15:54:41 8456 [Note] InnoDB: Restoring possible half-written data pages 
2015-01-14 15:54:41 8456 [Note] InnoDB: from the doublewrite buffer...
2015-01-14 15:54:42 8456 [Note] InnoDB: 128 rollback segment(s) are active.
2015-01-14 15:54:42 8456 [Note] InnoDB: Waiting for purge to start
2015-01-14 15:54:42 8456 [Note] InnoDB: 5.6.13 started; log sequence number 2079292
2015-01-14 15:54:42 8456 [Note] Server hostname (bind-address): '*'; port: 3307
2015-01-14 15:54:42 8456 [Note] IPv6 is available.
2015-01-14 15:54:42 8456 [Note]   - '::' resolves to '::';
2015-01-14 15:54:42 8456 [Note] Server socket created on IP: '::'.
2015-01-14 15:54:42 8456 [Note] Event Scheduler: Loaded 0 events
2015-01-14 15:54:42 8456 [Note] C:\Users\Ernst\Downloads\Programmeren 4\USBWebserver v8.6 (1)/mysql/bin/mysqld_usbwv8.exe: ready for connections.
Version: '5.6.13'  socket: ''  port: 3307  MySQL Community Server (GPL)
2015-01-17 14:59:58 4836 [Note] Plugin 'FEDERATED' is disabled.
2015-01-17 14:59:58 4836 [Note] InnoDB: The InnoDB memory heap is disabled
2015-01-17 14:59:58 4836 [Note] InnoDB: Mutexes and rw_locks use Windows interlocked functions
2015-01-17 14:59:58 4836 [Note] InnoDB: Compressed tables use zlib 1.2.3
2015-01-17 14:59:58 4836 [Note] InnoDB: Not using CPU crc32 instructions
2015-01-17 14:59:58 4836 [Note] InnoDB: Initializing buffer pool, size = 128.0M
2015-01-17 14:59:58 4836 [Note] InnoDB: Completed initialization of buffer pool
2015-01-17 14:59:58 4836 [Note] InnoDB: Highest supported file format is Barracuda.
2015-01-17 14:59:58 4836 [Note] InnoDB: The log sequence numbers 1626134 and 1626134 in ibdata files do not match the log sequence number 2106931 in the ib_logfiles!
2015-01-17 14:59:58 4836 [Note] InnoDB: Database was not shutdown normally!
2015-01-17 14:59:58 4836 [Note] InnoDB: Starting crash recovery.
2015-01-17 14:59:58 4836 [Note] InnoDB: Reading tablespace information from the .ibd files...
2015-01-17 14:59:58 4836 [Note] InnoDB: Restoring possible half-written data pages 
2015-01-17 14:59:58 4836 [Note] InnoDB: from the doublewrite buffer...
2015-01-17 14:59:58 4836 [Note] InnoDB: 128 rollback segment(s) are active.
2015-01-17 14:59:58 4836 [Note] InnoDB: Waiting for purge to start
2015-01-17 14:59:58 4836 [Note] InnoDB: 5.6.13 started; log sequence number 2106931
2015-01-17 14:59:58 4836 [Note] Server hostname (bind-address): '*'; port: 3307
2015-01-17 14:59:58 4836 [Note] IPv6 is available.
2015-01-17 14:59:58 4836 [Note]   - '::' resolves to '::';
2015-01-17 14:59:58 4836 [Note] Server socket created on IP: '::'.
2015-01-17 16:05:28 7160 [Note] Plugin 'FEDERATED' is disabled.
2015-01-17 16:05:28 7160 [Note] InnoDB: The InnoDB memory heap is disabled
2015-01-17 16:05:28 7160 [Note] InnoDB: Mutexes and rw_locks use Windows interlocked functions
2015-01-17 16:05:28 7160 [Note] InnoDB: Compressed tables use zlib 1.2.3
2015-01-17 16:05:28 7160 [Note] InnoDB: Not using CPU crc32 instructions
2015-01-17 16:05:28 7160 [Note] InnoDB: Initializing buffer pool, size = 128.0M
2015-01-17 16:05:28 7160 [Note] InnoDB: Completed initialization of buffer pool
2015-01-17 16:05:28 7160 [Note] InnoDB: Highest supported file format is Barracuda.
2015-01-17 16:05:28 7160 [Note] InnoDB: The log sequence numbers 1626134 and 1626134 in ibdata files do not match the log sequence number 2160236 in the ib_logfiles!
2015-01-17 16:05:28 7160 [Note] InnoDB: Database was not shutdown normally!
2015-01-17 16:05:28 7160 [Note] InnoDB: Starting crash recovery.
2015-01-17 16:05:28 7160 [Note] InnoDB: Reading tablespace information from the .ibd files...
2015-01-17 16:05:28 7160 [Note] InnoDB: Restoring possible half-written data pages 
2015-01-17 16:05:28 7160 [Note] InnoDB: from the doublewrite buffer...
2015-01-17 16:05:29 7160 [Note] InnoDB: 128 rollback segment(s) are active.
2015-01-17 16:05:29 7160 [Note] InnoDB: Waiting for purge to start
2015-01-17 16:05:29 7160 [Note] InnoDB: 5.6.13 started; log sequence number 2160236
2015-01-17 16:05:29 7160 [Note] Server hostname (bind-address): '*'; port: 3307
2015-01-17 16:05:29 7160 [Note] IPv6 is available.
2015-01-17 16:05:29 7160 [Note]   - '::' resolves to '::';
2015-01-17 16:05:29 7160 [Note] Server socket created on IP: '::'.
2015-01-17 16:41:14 6300 [Note] Plugin 'FEDERATED' is disabled.
2015-01-17 16:41:14 6300 [Note] InnoDB: The InnoDB memory heap is disabled
2015-01-17 16:41:14 6300 [Note] InnoDB: Mutexes and rw_locks use Windows interlocked functions
2015-01-17 16:41:14 6300 [Note] InnoDB: Compressed tables use zlib 1.2.3
2015-01-17 16:41:14 6300 [Note] InnoDB: Not using CPU crc32 instructions
2015-01-17 16:41:14 6300 [Note] InnoDB: Initializing buffer pool, size = 128.0M
2015-01-17 16:41:14 6300 [Note] InnoDB: Completed initialization of buffer pool
2015-01-17 16:41:14 6300 [Note] InnoDB: Highest supported file format is Barracuda.
2015-01-17 16:41:14 6300 [Note] InnoDB: The log sequence numbers 1626134 and 1626134 in ibdata files do not match the log sequence number 2185535 in the ib_logfiles!
2015-01-17 16:41:14 6300 [Note] InnoDB: Database was not shutdown normally!
2015-01-17 16:41:14 6300 [Note] InnoDB: Starting crash recovery.
2015-01-17 16:41:14 6300 [Note] InnoDB: Reading tablespace information from the .ibd files...
2015-01-17 16:41:14 6300 [Note] InnoDB: Restoring possible half-written data pages 
2015-01-17 16:41:14 6300 [Note] InnoDB: from the doublewrite buffer...
2015-01-17 16:41:14 6300 [Note] InnoDB: 128 rollback segment(s) are active.
2015-01-17 16:41:14 6300 [Note] InnoDB: Waiting for purge to start
2015-01-17 16:41:14 6300 [Note] InnoDB: 5.6.13 started; log sequence number 2185535
2015-01-17 16:41:14 6300 [Note] Server hostname (bind-address): '*'; port: 3307
2015-01-17 16:41:14 6300 [Note] IPv6 is available.
2015-01-17 16:41:14 6300 [Note]   - '::' resolves to '::';
2015-01-17 16:41:14 6300 [Note] Server socket created on IP: '::'.
2015-01-18 15:39:20 1920 [Note] Plugin 'FEDERATED' is disabled.
2015-01-18 15:39:20 1920 [Note] InnoDB: The InnoDB memory heap is disabled
2015-01-18 15:39:20 1920 [Note] InnoDB: Mutexes and rw_locks use Windows interlocked functions
2015-01-18 15:39:20 1920 [Note] InnoDB: Compressed tables use zlib 1.2.3
2015-01-18 15:39:20 1920 [Note] InnoDB: Not using CPU crc32 instructions
2015-01-18 15:39:20 1920 [Note] InnoDB: Initializing buffer pool, size = 128.0M
2015-01-18 15:39:20 1920 [Note] InnoDB: Completed initialization of buffer pool
2015-01-18 15:39:20 1920 [Note] InnoDB: Highest supported file format is Barracuda.
2015-01-18 15:39:20 1920 [Note] InnoDB: The log sequence numbers 1626134 and 1626134 in ibdata files do not match the log sequence number 2187747 in the ib_logfiles!
2015-01-18 15:39:20 1920 [Note] InnoDB: Database was not shutdown normally!
2015-01-18 15:39:20 1920 [Note] InnoDB: Starting crash recovery.
2015-01-18 15:39:20 1920 [Note] InnoDB: Reading tablespace information from the .ibd files...
2015-01-18 15:39:20 1920 [Note] InnoDB: Restoring possible half-written data pages 
2015-01-18 15:39:20 1920 [Note] InnoDB: from the doublewrite buffer...
2015-01-18 15:39:21 1920 [Note] InnoDB: 128 rollback segment(s) are active.
2015-01-18 15:39:21 1920 [Note] InnoDB: Waiting for purge to start
2015-01-18 15:39:21 1920 [Note] InnoDB: 5.6.13 started; log sequence number 2187747
2015-01-18 15:39:21 1920 [Note] Server hostname (bind-address): '*'; port: 3307
2015-01-18 15:39:21 1920 [Note] IPv6 is available.
2015-01-18 15:39:21 1920 [Note]   - '::' resolves to '::';
2015-01-18 15:39:21 1920 [Note] Server socket created on IP: '::'.
2015-01-19 13:17:25 4680 [Note] Plugin 'FEDERATED' is disabled.
2015-01-19 13:17:25 4680 [Note] InnoDB: The InnoDB memory heap is disabled
2015-01-19 13:17:25 4680 [Note] InnoDB: Mutexes and rw_locks use Windows interlocked functions
2015-01-19 13:17:25 4680 [Note] InnoDB: Compressed tables use zlib 1.2.3
2015-01-19 13:17:25 4680 [Note] InnoDB: Not using CPU crc32 instructions
2015-01-19 13:17:25 4680 [Note] InnoDB: Initializing buffer pool, size = 128.0M
2015-01-19 13:17:25 4680 [Note] InnoDB: Completed initialization of buffer pool
2015-01-19 13:17:25 4680 [Note] InnoDB: Highest supported file format is Barracuda.
2015-01-19 13:17:25 4680 [Note] InnoDB: The log sequence numbers 1626134 and 1626134 in ibdata files do not match the log sequence number 2202472 in the ib_logfiles!
2015-01-19 13:17:25 4680 [Note] InnoDB: Database was not shutdown normally!
2015-01-19 13:17:25 4680 [Note] InnoDB: Starting crash recovery.
2015-01-19 13:17:25 4680 [Note] InnoDB: Reading tablespace information from the .ibd files...
2015-01-19 13:17:25 4680 [Note] InnoDB: Restoring possible half-written data pages 
2015-01-19 13:17:25 4680 [Note] InnoDB: from the doublewrite buffer...
2015-01-19 13:17:25 4680 [Note] InnoDB: 128 rollback segment(s) are active.
2015-01-19 13:17:25 4680 [Note] InnoDB: Waiting for purge to start
2015-01-19 13:17:25 4680 [Note] InnoDB: 5.6.13 started; log sequence number 2202472
2015-01-19 13:17:25 4680 [Note] Server hostname (bind-address): '*'; port: 3307
2015-01-19 13:17:25 4680 [Note] IPv6 is available.
2015-01-19 13:17:25 4680 [Note]   - '::' resolves to '::';
2015-01-19 13:17:25 4680 [Note] Server socket created on IP: '::'.
2015-01-20 12:00:58 6404 [Note] Plugin 'FEDERATED' is disabled.
2015-01-20 12:00:58 6404 [Note] InnoDB: The InnoDB memory heap is disabled
2015-01-20 12:00:58 6404 [Note] InnoDB: Mutexes and rw_locks use Windows interlocked functions
2015-01-20 12:00:58 6404 [Note] InnoDB: Compressed tables use zlib 1.2.3
2015-01-20 12:00:58 6404 [Note] InnoDB: Not using CPU crc32 instructions
2015-01-20 12:00:58 6404 [Note] InnoDB: Initializing buffer pool, size = 128.0M
2015-01-20 12:00:58 6404 [Note] InnoDB: Completed initialization of buffer pool
2015-01-20 12:00:58 6404 [Note] InnoDB: Highest supported file format is Barracuda.
2015-01-20 12:00:58 6404 [Note] InnoDB: The log sequence numbers 1626134 and 1626134 in ibdata files do not match the log sequence number 2269084 in the ib_logfiles!
2015-01-20 12:00:58 6404 [Note] InnoDB: Database was not shutdown normally!
2015-01-20 12:00:58 6404 [Note] InnoDB: Starting crash recovery.
2015-01-20 12:00:58 6404 [Note] InnoDB: Reading tablespace information from the .ibd files...
2015-01-20 12:00:58 6404 [Note] InnoDB: Restoring possible half-written data pages 
2015-01-20 12:00:58 6404 [Note] InnoDB: from the doublewrite buffer...
2015-01-20 12:00:58 6404 [Note] InnoDB: 128 rollback segment(s) are active.
2015-01-20 12:00:58 6404 [Note] InnoDB: Waiting for purge to start
2015-01-20 12:00:58 6404 [Note] InnoDB: 5.6.13 started; log sequence number 2269084
2015-01-20 12:00:58 6404 [Note] Server hostname (bind-address): '*'; port: 3307
2015-01-20 12:00:58 6404 [Note] IPv6 is available.
2015-01-20 12:00:58 6404 [Note]   - '::' resolves to '::';
2015-01-20 12:00:58 6404 [Note] Server socket created on IP: '::'.
2015-01-21 13:29:57 5376 [Note] Plugin 'FEDERATED' is disabled.
2015-01-21 13:29:57 5376 [Note] InnoDB: The InnoDB memory heap is disabled
2015-01-21 13:29:57 5376 [Note] InnoDB: Mutexes and rw_locks use Windows interlocked functions
2015-01-21 13:29:57 5376 [Note] InnoDB: Compressed tables use zlib 1.2.3
2015-01-21 13:29:57 5376 [Note] InnoDB: Not using CPU crc32 instructions
2015-01-21 13:29:57 5376 [Note] InnoDB: Initializing buffer pool, size = 128.0M
2015-01-21 13:29:57 5376 [Note] InnoDB: Completed initialization of buffer pool
2015-01-21 13:29:57 5376 [Note] InnoDB: Highest supported file format is Barracuda.
2015-01-21 13:29:57 5376 [Note] InnoDB: The log sequence numbers 1626134 and 1626134 in ibdata files do not match the log sequence number 2269530 in the ib_logfiles!
2015-01-21 13:29:57 5376 [Note] InnoDB: Database was not shutdown normally!
2015-01-21 13:29:57 5376 [Note] InnoDB: Starting crash recovery.
2015-01-21 13:29:57 5376 [Note] InnoDB: Reading tablespace information from the .ibd files...
2015-01-21 13:29:57 5376 [Note] InnoDB: Restoring possible half-written data pages 
2015-01-21 13:29:57 5376 [Note] InnoDB: from the doublewrite buffer...
2015-01-21 13:29:58 5376 [Note] InnoDB: 128 rollback segment(s) are active.
2015-01-21 13:29:58 5376 [Note] InnoDB: Waiting for purge to start
2015-01-21 13:29:58 5376 [Note] InnoDB: 5.6.13 started; log sequence number 2269530
2015-01-21 13:29:58 5376 [Note] Server hostname (bind-address): '*'; port: 3307
2015-01-21 13:29:58 5376 [Note] IPv6 is available.
2015-01-21 13:29:58 5376 [Note]   - '::' resolves to '::';
2015-01-21 13:29:58 5376 [Note] Server socket created on IP: '::'.
2015-01-21 14:49:19 3940 [Note] Plugin 'FEDERATED' is disabled.
2015-01-21 14:49:19 3940 [Note] InnoDB: The InnoDB memory heap is disabled
2015-01-21 14:49:19 3940 [Note] InnoDB: Mutexes and rw_locks use Windows interlocked functions
2015-01-21 14:49:20 3940 [Note] InnoDB: Compressed tables use zlib 1.2.3
2015-01-21 14:49:20 3940 [Note] InnoDB: Not using CPU crc32 instructions
2015-01-21 14:49:20 3940 [Note] InnoDB: Initializing buffer pool, size = 128.0M
2015-01-21 14:49:20 3940 [Note] InnoDB: Completed initialization of buffer pool
2015-01-21 14:49:20 3940 [Note] InnoDB: Highest supported file format is Barracuda.
2015-01-21 14:49:20 3940 [Note] InnoDB: The log sequence numbers 1626134 and 1626134 in ibdata files do not match the log sequence number 2282728 in the ib_logfiles!
2015-01-21 14:49:20 3940 [Note] InnoDB: Database was not shutdown normally!
2015-01-21 14:49:20 3940 [Note] InnoDB: Starting crash recovery.
2015-01-21 14:49:20 3940 [Note] InnoDB: Reading tablespace information from the .ibd files...
2015-01-21 14:49:20 3940 [Note] InnoDB: Restoring possible half-written data pages 
2015-01-21 14:49:20 3940 [Note] InnoDB: from the doublewrite buffer...
2015-01-21 14:49:20 3940 [Note] InnoDB: 128 rollback segment(s) are active.
2015-01-21 14:49:20 3940 [Note] InnoDB: Waiting for purge to start
2015-01-21 14:49:20 3940 [Note] InnoDB: 5.6.13 started; log sequence number 2282728
2015-01-21 14:49:20 3940 [Note] Server hostname (bind-address): '*'; port: 3307
2015-01-21 14:49:20 3940 [Note] IPv6 is available.
2015-01-21 14:49:20 3940 [Note]   - '::' resolves to '::';
2015-01-21 14:49:20 3940 [Note] Server socket created on IP: '::'.
2015-01-21 14:58:31 5612 [Note] Plugin 'FEDERATED' is disabled.
2015-01-21 14:58:31 5612 [Note] InnoDB: The InnoDB memory heap is disabled
2015-01-21 14:58:31 5612 [Note] InnoDB: Mutexes and rw_locks use Windows interlocked functions
2015-01-21 14:58:31 5612 [Note] InnoDB: Compressed tables use zlib 1.2.3
2015-01-21 14:58:31 5612 [Note] InnoDB: Not using CPU crc32 instructions
2015-01-21 14:58:31 5612 [Note] InnoDB: Initializing buffer pool, size = 128.0M
2015-01-21 14:58:31 5612 [Note] InnoDB: Completed initialization of buffer pool
2015-01-21 14:58:31 5612 [Note] InnoDB: Highest supported file format is Barracuda.
2015-01-21 14:58:31 5612 [Note] InnoDB: The log sequence numbers 1626134 and 1626134 in ibdata files do not match the log sequence number 2282738 in the ib_logfiles!
2015-01-21 14:58:31 5612 [Note] InnoDB: Database was not shutdown normally!
2015-01-21 14:58:31 5612 [Note] InnoDB: Starting crash recovery.
2015-01-21 14:58:31 5612 [Note] InnoDB: Reading tablespace information from the .ibd files...
2015-01-21 14:58:31 5612 [Note] InnoDB: Restoring possible half-written data pages 
2015-01-21 14:58:31 5612 [Note] InnoDB: from the doublewrite buffer...
2015-01-21 14:58:32 5612 [Note] InnoDB: 128 rollback segment(s) are active.
2015-01-21 14:58:32 5612 [Note] InnoDB: Waiting for purge to start
2015-01-21 14:58:32 5612 [Note] InnoDB: 5.6.13 started; log sequence number 2282738
2015-01-21 14:58:32 5612 [Note] Server hostname (bind-address): '*'; port: 3307
2015-01-21 14:58:32 5612 [Note] IPv6 is available.
2015-01-21 14:58:32 5612 [Note]   - '::' resolves to '::';
2015-01-21 14:58:32 5612 [Note] Server socket created on IP: '::'.
2015-01-22 13:26:13 1120 [Note] Plugin 'FEDERATED' is disabled.
2015-01-22 13:26:13 1120 [Note] InnoDB: The InnoDB memory heap is disabled
2015-01-22 13:26:13 1120 [Note] InnoDB: Mutexes and rw_locks use Windows interlocked functions
2015-01-22 13:26:13 1120 [Note] InnoDB: Compressed tables use zlib 1.2.3
2015-01-22 13:26:13 1120 [Note] InnoDB: Not using CPU crc32 instructions
2015-01-22 13:26:13 1120 [Note] InnoDB: Initializing buffer pool, size = 128.0M
2015-01-22 13:26:13 1120 [Note] InnoDB: Completed initialization of buffer pool
2015-01-22 13:26:13 1120 [Note] InnoDB: Highest supported file format is Barracuda.
2015-01-22 13:26:13 1120 [Note] InnoDB: The log sequence numbers 1626134 and 1626134 in ibdata files do not match the log sequence number 2282748 in the ib_logfiles!
2015-01-22 13:26:13 1120 [Note] InnoDB: Database was not shutdown normally!
2015-01-22 13:26:13 1120 [Note] InnoDB: Starting crash recovery.
2015-01-22 13:26:13 1120 [Note] InnoDB: Reading tablespace information from the .ibd files...
2015-01-22 13:26:13 1120 [Note] InnoDB: Restoring possible half-written data pages 
2015-01-22 13:26:13 1120 [Note] InnoDB: from the doublewrite buffer...
2015-01-22 13:26:13 1120 [Note] InnoDB: 128 rollback segment(s) are active.
2015-01-22 13:26:13 1120 [Note] InnoDB: Waiting for purge to start
2015-01-22 13:26:13 1120 [Note] InnoDB: 5.6.13 started; log sequence number 2282748
2015-01-22 13:26:13 1120 [Note] Server hostname (bind-address): '*'; port: 3307
2015-01-22 13:26:13 1120 [Note] IPv6 is available.
2015-01-22 13:26:13 1120 [Note]   - '::' resolves to '::';
2015-01-22 13:26:13 1120 [Note] Server socket created on IP: '::'.
2015-01-22 13:32:48 3920 [Note] Plugin 'FEDERATED' is disabled.
2015-01-22 13:32:48 3920 [Note] InnoDB: The InnoDB memory heap is disabled
2015-01-22 13:32:48 3920 [Note] InnoDB: Mutexes and rw_locks use Windows interlocked functions
2015-01-22 13:32:48 3920 [Note] InnoDB: Compressed tables use zlib 1.2.3
2015-01-22 13:32:48 3920 [Note] InnoDB: Not using CPU crc32 instructions
2015-01-22 13:32:48 3920 [Note] InnoDB: Initializing buffer pool, size = 128.0M
2015-01-22 13:32:48 3920 [Note] InnoDB: Completed initialization of buffer pool
2015-01-22 13:32:48 3920 [Note] InnoDB: Highest supported file format is Barracuda.
2015-01-22 13:32:48 3920 [Note] InnoDB: The log sequence numbers 1626134 and 1626134 in ibdata files do not match the log sequence number 2282758 in the ib_logfiles!
2015-01-22 13:32:48 3920 [Note] InnoDB: Database was not shutdown normally!
2015-01-22 13:32:48 3920 [Note] InnoDB: Starting crash recovery.
2015-01-22 13:32:48 3920 [Note] InnoDB: Reading tablespace information from the .ibd files...
2015-01-22 13:32:48 3920 [Note] InnoDB: Restoring possible half-written data pages 
2015-01-22 13:32:48 3920 [Note] InnoDB: from the doublewrite buffer...
2015-01-22 13:32:50 3920 [Note] InnoDB: 128 rollback segment(s) are active.
2015-01-22 13:32:50 3920 [Note] InnoDB: Waiting for purge to start
2015-01-22 13:32:50 3920 [Note] InnoDB: 5.6.13 started; log sequence number 2282758
2015-01-22 13:32:50 3920 [Note] Server hostname (bind-address): '*'; port: 3307
2015-01-22 13:32:50 3920 [Note] IPv6 is available.
2015-01-22 13:32:50 3920 [Note]   - '::' resolves to '::';
2015-01-22 13:32:50 3920 [Note] Server socket created on IP: '::'.
2015-01-22 14:02:26 6908 [Note] Plugin 'FEDERATED' is disabled.
2015-01-22 14:02:26 6908 [Note] InnoDB: The InnoDB memory heap is disabled
2015-01-22 14:02:26 6908 [Note] InnoDB: Mutexes and rw_locks use Windows interlocked functions
2015-01-22 14:02:26 6908 [Note] InnoDB: Compressed tables use zlib 1.2.3
2015-01-22 14:02:26 6908 [Note] InnoDB: Not using CPU crc32 instructions
2015-01-22 14:02:26 6908 [Note] InnoDB: Initializing buffer pool, size = 128.0M
2015-01-22 14:02:26 6908 [Note] InnoDB: Completed initialization of buffer pool
2015-01-22 14:02:26 6908 [Note] InnoDB: Highest supported file format is Barracuda.
2015-01-22 14:02:26 6908 [Note] InnoDB: The log sequence numbers 1626134 and 1626134 in ibdata files do not match the log sequence number 2282768 in the ib_logfiles!
2015-01-22 14:02:26 6908 [Note] InnoDB: Database was not shutdown normally!
2015-01-22 14:02:26 6908 [Note] InnoDB: Starting crash recovery.
2015-01-22 14:02:26 6908 [Note] InnoDB: Reading tablespace information from the .ibd files...
2015-01-22 14:02:26 6908 [Note] InnoDB: Restoring possible half-written data pages 
2015-01-22 14:02:26 6908 [Note] InnoDB: from the doublewrite buffer...
2015-01-22 14:02:26 6908 [Note] InnoDB: 128 rollback segment(s) are active.
2015-01-22 14:02:26 6908 [Note] InnoDB: Waiting for purge to start
2015-01-22 14:02:26 6908 [Note] InnoDB: 5.6.13 started; log sequence number 2282768
2015-01-22 14:02:26 6908 [Note] Server hostname (bind-address): '*'; port: 3307
2015-01-22 14:02:26 6908 [Note] IPv6 is available.
2015-01-22 14:02:26 6908 [Note]   - '::' resolves to '::';
2015-01-22 14:02:26 6908 [Note] Server socket created on IP: '::'.
2015-01-22 14:14:54 6768 [Note] Plugin 'FEDERATED' is disabled.
2015-01-22 14:14:54 6768 [Note] InnoDB: The InnoDB memory heap is disabled
2015-01-22 14:14:54 6768 [Note] InnoDB: Mutexes and rw_locks use Windows interlocked functions
2015-01-22 14:14:54 6768 [Note] InnoDB: Compressed tables use zlib 1.2.3
2015-01-22 14:14:54 6768 [Note] InnoDB: Not using CPU crc32 instructions
2015-01-22 14:14:54 6768 [Note] InnoDB: Initializing buffer pool, size = 128.0M
2015-01-22 14:14:54 6768 [Note] InnoDB: Completed initialization of buffer pool
2015-01-22 14:14:54 6768 [Note] InnoDB: Highest supported file format is Barracuda.
2015-01-22 14:14:54 6768 [Note] InnoDB: The log sequence numbers 1626134 and 1626134 in ibdata files do not match the log sequence number 2282778 in the ib_logfiles!
2015-01-22 14:14:54 6768 [Note] InnoDB: Database was not shutdown normally!
2015-01-22 14:14:54 6768 [Note] InnoDB: Starting crash recovery.
2015-01-22 14:14:54 6768 [Note] InnoDB: Reading tablespace information from the .ibd files...
2015-01-22 14:14:54 6768 [Note] InnoDB: Restoring possible half-written data pages 
2015-01-22 14:14:54 6768 [Note] InnoDB: from the doublewrite buffer...
2015-01-22 14:14:54 6768 [Note] InnoDB: 128 rollback segment(s) are active.
2015-01-22 14:14:54 6768 [Note] InnoDB: Waiting for purge to start
2015-01-22 14:14:54 6768 [Note] InnoDB: 5.6.13 started; log sequence number 2282778
2015-01-22 14:14:54 6768 [Note] Server hostname (bind-address): '*'; port: 3307
2015-01-22 14:14:54 6768 [Note] IPv6 is available.
2015-01-22 14:14:54 6768 [Note]   - '::' resolves to '::';
2015-01-22 14:14:54 6768 [Note] Server socket created on IP: '::'.
2015-01-22 14:18:02 6072 [Note] Plugin 'FEDERATED' is disabled.
2015-01-22 14:18:02 6072 [Note] InnoDB: The InnoDB memory heap is disabled
2015-01-22 14:18:02 6072 [Note] InnoDB: Mutexes and rw_locks use Windows interlocked functions
2015-01-22 14:18:02 6072 [Note] InnoDB: Compressed tables use zlib 1.2.3
2015-01-22 14:18:02 6072 [Note] InnoDB: Not using CPU crc32 instructions
2015-01-22 14:18:02 6072 [Note] InnoDB: Initializing buffer pool, size = 128.0M
2015-01-22 14:18:02 6072 [Note] InnoDB: Completed initialization of buffer pool
2015-01-22 14:18:02 6072 [Note] InnoDB: Highest supported file format is Barracuda.
2015-01-22 14:18:02 6072 [Note] InnoDB: The log sequence numbers 1626134 and 1626134 in ibdata files do not match the log sequence number 2282788 in the ib_logfiles!
2015-01-22 14:18:02 6072 [Note] InnoDB: Database was not shutdown normally!
2015-01-22 14:18:02 6072 [Note] InnoDB: Starting crash recovery.
2015-01-22 14:18:02 6072 [Note] InnoDB: Reading tablespace information from the .ibd files...
2015-01-22 14:18:02 6072 [Note] InnoDB: Restoring possible half-written data pages 
2015-01-22 14:18:02 6072 [Note] InnoDB: from the doublewrite buffer...
2015-01-22 14:18:02 6072 [Note] InnoDB: 128 rollback segment(s) are active.
2015-01-22 14:18:02 6072 [Note] InnoDB: Waiting for purge to start
2015-01-22 14:18:02 6072 [Note] InnoDB: 5.6.13 started; log sequence number 2282788
2015-01-22 14:18:02 6072 [Note] Server hostname (bind-address): '*'; port: 3307
2015-01-22 14:18:02 6072 [Note] IPv6 is available.
2015-01-22 14:18:02 6072 [Note]   - '::' resolves to '::';
2015-01-22 14:18:02 6072 [Note] Server socket created on IP: '::'.
2015-01-25 10:21:31 7016 [Note] Plugin 'FEDERATED' is disabled.
2015-01-25 10:21:31 7016 [Note] InnoDB: The InnoDB memory heap is disabled
2015-01-25 10:21:31 7016 [Note] InnoDB: Mutexes and rw_locks use Windows interlocked functions
2015-01-25 10:21:31 7016 [Note] InnoDB: Compressed tables use zlib 1.2.3
2015-01-25 10:21:31 7016 [Note] InnoDB: Not using CPU crc32 instructions
2015-01-25 10:21:31 7016 [Note] InnoDB: Initializing buffer pool, size = 128.0M
2015-01-25 10:21:31 7016 [Note] InnoDB: Completed initialization of buffer pool
2015-01-25 10:21:31 7016 [Note] InnoDB: Highest supported file format is Barracuda.
2015-01-25 10:21:31 7016 [Note] InnoDB: The log sequence numbers 1626134 and 1626134 in ibdata files do not match the log sequence number 2323618 in the ib_logfiles!
2015-01-25 10:21:31 7016 [Note] InnoDB: Database was not shutdown normally!
2015-01-25 10:21:31 7016 [Note] InnoDB: Starting crash recovery.
2015-01-25 10:21:31 7016 [Note] InnoDB: Reading tablespace information from the .ibd files...
2015-01-25 10:21:31 7016 [Note] InnoDB: Restoring possible half-written data pages 
2015-01-25 10:21:31 7016 [Note] InnoDB: from the doublewrite buffer...
2015-01-25 10:21:31 7016 [Note] InnoDB: 128 rollback segment(s) are active.
2015-01-25 10:21:31 7016 [Note] InnoDB: Waiting for purge to start
2015-01-25 10:21:31 7016 [Note] InnoDB: 5.6.13 started; log sequence number 2323618
2015-01-25 10:21:31 7016 [Note] Server hostname (bind-address): '*'; port: 3307
2015-01-25 10:21:31 7016 [Note] IPv6 is available.
2015-01-25 10:21:31 7016 [Note]   - '::' resolves to '::';
2015-01-25 10:21:31 7016 [Note] Server socket created on IP: '::'.
