::1 - - [21/Jan/2015:13:30:04 +0100] "GET /phpmyadmin HTTP/1.1" 301 241
::1 - - [21/Jan/2015:13:30:04 +0100] "GET /phpmyadmin/ HTTP/1.1" 200 8153
::1 - - [21/Jan/2015:13:30:04 +0100] "GET /phpmyadmin/themes/pmahomme/jquery/jquery-ui-1.9.2.custom.css HTTP/1.1" 200 32278
::1 - - [21/Jan/2015:13:30:04 +0100] "GET /phpmyadmin/js/get_scripts.js.php?scripts[]=jquery/jquery-1.8.3.js&scripts[]=ajax.js&scripts[]=keyhandler.js&scripts[]=jquery/jquery-ui-1.9.2.custom.js&scripts[]=jquery/jquery.sprintf.js&scripts[]=jquery/jquery.cookie.js&scripts[]=jquery/jquery.mousewheel.js&scripts[]=jquery/jquery.event.drag-2.2.js&scripts[]=jquery/jquery-ui-timepicker-addon.js&scripts[]=jquery/jquery.ba-hashchange-1.3.js&scripts[]=jquery/jquery.debounce-1.0.5.js&scripts[]=jquery/jquery.menuResizer-1.0.js&scripts[]=rte.js&scripts[]=functions.js&scripts[]=navigation.js&scripts[]=indexes.js&scripts[]=common.js&scripts[]=codemirror/lib/codemirror.js&scripts[]=codemirror/mode/mysql/mysql.js HTTP/1.1" 200 578562
::1 - - [21/Jan/2015:13:30:04 +0100] "GET /phpmyadmin/themes/pmahomme/img/logo_right.png HTTP/1.1" 200 4548
::1 - - [21/Jan/2015:13:30:04 +0100] "GET /phpmyadmin/themes/dot.gif HTTP/1.1" 200 43
::1 - - [21/Jan/2015:13:30:04 +0100] "GET /phpmyadmin/phpmyadmin.css.php?server=1&token=5183a4a9a26be64e671910cf09464542&nocache=4125195912ltr HTTP/1.1" 200 88608
::1 - - [21/Jan/2015:13:30:04 +0100] "GET /phpmyadmin/js/messages.php?lang=nl&db=&server=0&token=5183a4a9a26be64e671910cf09464542 HTTP/1.1" 200 18194
::1 - - [21/Jan/2015:13:30:04 +0100] "GET /phpmyadmin/js/get_image.js.php?theme=pmahomme HTTP/1.1" 200 6263
::1 - - [21/Jan/2015:13:30:05 +0100] "GET /phpmyadmin/themes/pmahomme/img/sprites.png HTTP/1.1" 200 61899
::1 - - [21/Jan/2015:13:30:30 +0100] "POST /phpmyadmin/index.php HTTP/1.1" 302 -
::1 - - [21/Jan/2015:13:30:30 +0100] "GET /phpmyadmin/index.php?token=5183a4a9a26be64e671910cf09464542 HTTP/1.1" 200 48680
::1 - - [21/Jan/2015:13:30:30 +0100] "GET /phpmyadmin/themes/pmahomme/img/logo_left.png HTTP/1.1" 200 2327
::1 - - [21/Jan/2015:13:30:30 +0100] "GET /phpmyadmin/themes/pmahomme/img/ajax_clock_small.gif HTTP/1.1" 200 1810
::1 - - [21/Jan/2015:13:30:30 +0100] "GET /phpmyadmin/phpmyadmin.css.php?server=1&token=5183a4a9a26be64e671910cf09464542&nocache=5546436501ltr HTTP/1.1" 200 88608
::1 - - [21/Jan/2015:13:30:30 +0100] "GET /phpmyadmin/themes/pmahomme/img/left_nav_bg.png HTTP/1.1" 200 297
::1 - - [21/Jan/2015:13:30:31 +0100] "GET /phpmyadmin/version_check.php?&_nocache=1421843430990884987 HTTP/1.1" 200 39
::1 - - [21/Jan/2015:13:30:35 +0100] "GET /phpmyadmin/db_structure.php?server=1&db=verzamelingendb&token=5183a4a9a26be64e671910cf09464542&ajax_request=true&ajax_page_request=true&menuHashes=13aabea6&_nocache=1421843435676406406 HTTP/1.1" 200 18822
::1 - - [21/Jan/2015:13:30:35 +0100] "GET /phpmyadmin/themes/pmahomme/img/arrow_ltr.png HTTP/1.1" 200 139
::1 - - [21/Jan/2015:13:30:35 +0100] "GET /phpmyadmin/js/get_scripts.js.php?scripts[]=db_structure.js&scripts[]=tbl_change.js HTTP/1.1" 200 12382
::1 - - [21/Jan/2015:13:30:37 +0100] "GET /phpmyadmin/db_export.php?db=verzamelingendb&token=5183a4a9a26be64e671910cf09464542&ajax_request=true&ajax_page_request=true&menuHashes=73814964-13aabea6&_nocache=1421843437051862658 HTTP/1.1" 200 36274
::1 - - [21/Jan/2015:13:30:37 +0100] "GET /phpmyadmin/js/get_scripts.js.php?scripts[]=export.js HTTP/1.1" 200 5954
::1 - - [21/Jan/2015:13:30:39 +0100] "POST /phpmyadmin/export.php HTTP/1.1" 200 3043
::1 - - [21/Jan/2015:13:31:02 +0100] "GET /phpmyadmin/db_structure.php?server=1&db=verzamelingendb&token=5183a4a9a26be64e671910cf09464542&ajax_request=true&ajax_page_request=true&menuHashes=73814964-13aabea6-acd296f2&_nocache=1421843462141853161 HTTP/1.1" 200 15559
